2021-07-21 09:12:59,120 [INFO] [main] com.framework.AdminApplication [Jdk14Logger.java : 99] Starting AdminApplication on liwanwan with PID 18640 (started by 29163 in E:\Summer Training 2021\wanjiale_project\Group23\data-wanjiale)
2021-07-21 09:12:59,132 [INFO] [main] com.framework.AdminApplication [Jdk14Logger.java : 99] The following profiles are active: dev
2021-07-21 09:13:04,720 [WARN] [main] org.springframework.data.convert.CustomConversions [CustomConversions.java : 216] Registering converter from class org.joda.time.LocalDateTime to class java.time.LocalDateTime as reading converter although it doesn't convert from a store-supported type! You might wanna check you annotation setup at the converter implementation.
2021-07-21 09:13:04,737 [WARN] [main] org.springframework.data.convert.CustomConversions [CustomConversions.java : 216] Registering converter from class org.joda.time.LocalDateTime to class java.time.LocalDateTime as reading converter although it doesn't convert from a store-supported type! You might wanna check you annotation setup at the converter implementation.
2021-07-21 09:13:04,748 [WARN] [main] org.springframework.data.convert.CustomConversions [CustomConversions.java : 216] Registering converter from class org.joda.time.LocalDateTime to class java.time.LocalDateTime as reading converter although it doesn't convert from a store-supported type! You might wanna check you annotation setup at the converter implementation.
2021-07-21 09:13:05,558 [INFO] [main] com.framework.AdminApplication [Jdk14Logger.java : 99] Started AdminApplication in 7.447 seconds (JVM running for 8.945)
2021-07-21 09:16:24,527 [INFO] [http-nio-8081-exec-18] c.f.m.product.controller.ProductManagementInfoController [ProductManagementInfoController.java : 109] ...ProductManagementInfoEntity.list...request productPageInfoModel is {"productCategory":"","productModel":"","productName":"","productNum":""}
2021-07-21 09:16:32,980 [INFO] [http-nio-8081-exec-22] c.f.m.product.controller.ProductManagementInfoController [ProductManagementInfoController.java : 109] ...ProductManagementInfoEntity.list...request productPageInfoModel is {"productCategory":"","productModel":"","productName":"","productNum":""}
2021-07-21 09:16:35,327 [INFO] [http-nio-8081-exec-26] c.f.m.product.controller.ProductManagementInfoController [ProductManagementInfoController.java : 85] ...ProductManagementInfoEntity.query...request params is {"id":16}
2021-07-21 09:16:43,555 [INFO] [http-nio-8081-exec-28] c.f.m.product.controller.ProductManagementInfoController [ProductManagementInfoController.java : 109] ...ProductManagementInfoEntity.list...request productPageInfoModel is {"productCategory":"","productModel":"","productName":"","productNum":""}
2021-07-21 09:16:46,811 [INFO] [http-nio-8081-exec-19] c.f.m.product.controller.ProductManagementInfoController [ProductManagementInfoController.java : 109] ...ProductManagementInfoEntity.list...request productPageInfoModel is {"productCategory":"","productModel":"","productName":"","productNum":""}
2021-07-21 09:16:48,060 [INFO] [http-nio-8081-exec-21] c.f.m.product.controller.ProductManagementInfoController [ProductManagementInfoController.java : 95] ...ProductManagementInfoEntity.queryinfo...request id is 16
2021-07-21 09:16:50,253 [INFO] [http-nio-8081-exec-11] c.f.m.product.controller.ProductManagementInfoController [ProductManagementInfoController.java : 109] ...ProductManagementInfoEntity.list...request productPageInfoModel is {"productCategory":"","productModel":"","productName":"","productNum":""}
2021-07-21 09:47:26,699 [INFO] [http-nio-8081-exec-9] c.f.m.product.controller.ProductManagementInfoController [ProductManagementInfoController.java : 109] ...ProductManagementInfoEntity.list...request productPageInfoModel is {"productCategory":"","productModel":"","productName":"","productNum":""}
2021-07-21 09:49:30,687 [INFO] [http-nio-8081-exec-18] c.f.m.product.controller.ProductManagementInfoController [ProductManagementInfoController.java : 109] ...ProductManagementInfoEntity.list...request productPageInfoModel is {"productCategory":"","productModel":"","productName":"","productNum":""}
2021-07-21 09:49:33,000 [INFO] [http-nio-8081-exec-10] c.f.m.product.controller.ProductManagementInfoController [ProductManagementInfoController.java : 109] ...ProductManagementInfoEntity.list...request productPageInfoModel is {"limit":"5","productCategory":"","productModel":"","productName":"","productNum":""}
2021-07-21 09:49:36,209 [INFO] [http-nio-8081-exec-14] c.f.m.product.controller.ProductManagementInfoController [ProductManagementInfoController.java : 109] ...ProductManagementInfoEntity.list...request productPageInfoModel is {"limit":"3","productCategory":"","productModel":"","productName":"","productNum":""}
2021-07-21 09:49:37,343 [INFO] [http-nio-8081-exec-22] c.f.m.product.controller.ProductManagementInfoController [ProductManagementInfoController.java : 109] ...ProductManagementInfoEntity.list...request productPageInfoModel is {"limit":"3","page":"2","productCategory":"","productModel":"","productName":"","productNum":""}
2021-07-21 09:49:38,722 [INFO] [http-nio-8081-exec-24] c.f.m.product.controller.ProductManagementInfoController [ProductManagementInfoController.java : 109] ...ProductManagementInfoEntity.list...request productPageInfoModel is {"limit":"3","page":"1","productCategory":"","productModel":"","productName":"","productNum":""}
2021-07-21 09:49:39,602 [INFO] [http-nio-8081-exec-26] c.f.m.product.controller.ProductManagementInfoController [ProductManagementInfoController.java : 109] ...ProductManagementInfoEntity.list...request productPageInfoModel is {"limit":"3","page":"2","productCategory":"","productModel":"","productName":"","productNum":""}
2021-07-21 09:49:40,533 [INFO] [http-nio-8081-exec-28] c.f.m.product.controller.ProductManagementInfoController [ProductManagementInfoController.java : 109] ...ProductManagementInfoEntity.list...request productPageInfoModel is {"limit":"3","page":"1","productCategory":"","productModel":"","productName":"","productNum":""}
2021-07-21 09:50:47,262 [INFO] [http-nio-8081-exec-20] c.f.m.product.controller.ProductManagementInfoController [ProductManagementInfoController.java : 109] ...ProductManagementInfoEntity.list...request productPageInfoModel is {"limit":"3","page":"2","productCategory":"","productModel":"","productName":"","productNum":""}
2021-07-21 09:50:48,511 [INFO] [http-nio-8081-exec-21] c.f.m.product.controller.ProductManagementInfoController [ProductManagementInfoController.java : 109] ...ProductManagementInfoEntity.list...request productPageInfoModel is {"limit":"3","page":"1","productCategory":"","productModel":"","productName":"","productNum":""}
2021-07-21 09:50:51,676 [INFO] [http-nio-8081-exec-11] c.f.m.product.controller.ProductManagementInfoController [ProductManagementInfoController.java : 109] ...ProductManagementInfoEntity.list...request productPageInfoModel is {"limit":"10","page":"1","productCategory":"","productModel":"","productName":"","productNum":""}
2021-07-21 09:50:55,257 [INFO] [http-nio-8081-exec-23] c.f.m.product.controller.ProductManagementInfoController [ProductManagementInfoController.java : 109] ...ProductManagementInfoEntity.list...request productPageInfoModel is {"limit":"5","page":"1","productCategory":"","productModel":"","productName":"","productNum":""}
2021-07-21 09:50:58,623 [INFO] [http-nio-8081-exec-16] c.f.m.product.controller.ProductManagementInfoController [ProductManagementInfoController.java : 109] ...ProductManagementInfoEntity.list...request productPageInfoModel is {"limit":"3","page":"1","productCategory":"","productModel":"","productName":"","productNum":""}
2021-07-21 09:50:59,867 [INFO] [http-nio-8081-exec-25] c.f.m.product.controller.ProductManagementInfoController [ProductManagementInfoController.java : 109] ...ProductManagementInfoEntity.list...request productPageInfoModel is {"limit":"3","page":"2","productCategory":"","productModel":"","productName":"","productNum":""}
2021-07-21 09:51:01,422 [INFO] [http-nio-8081-exec-17] c.f.m.product.controller.ProductManagementInfoController [ProductManagementInfoController.java : 109] ...ProductManagementInfoEntity.list...request productPageInfoModel is {"limit":"3","page":"1","productCategory":"","productModel":"","productName":"","productNum":""}
2021-07-21 09:57:55,557 [INFO] [http-nio-8081-exec-30] c.f.modules.member.controller.MemberUserManageController [MemberUserManageController.java : 89] ...MemberUserManageController.getUserlist ...start .....
2021-07-21 09:57:55,575 [INFO] [http-nio-8081-exec-30] c.f.modules.member.controller.MemberUserManageController [MemberUserManageController.java : 102] ...MemberUserManageController.list data..count  is 4
2021-07-21 09:58:04,980 [INFO] [http-nio-8081-exec-3] c.f.modules.member.controller.MemberUserManageController [MemberUserManageController.java : 89] ...MemberUserManageController.getUserlist ...start .....
2021-07-21 09:58:04,984 [INFO] [http-nio-8081-exec-3] c.f.modules.member.controller.MemberUserManageController [MemberUserManageController.java : 102] ...MemberUserManageController.list data..count  is 1
2021-07-21 09:58:12,489 [INFO] [http-nio-8081-exec-1] c.f.modules.member.controller.MemberUserManageController [MemberUserManageController.java : 89] ...MemberUserManageController.getUserlist ...start .....
2021-07-21 09:58:12,492 [INFO] [http-nio-8081-exec-1] c.f.modules.member.controller.MemberUserManageController [MemberUserManageController.java : 102] ...MemberUserManageController.list data..count  is 4
2021-07-21 09:58:23,134 [INFO] [http-nio-8081-exec-2] c.f.modules.member.controller.MemberUserManageController [MemberUserManageController.java : 89] ...MemberUserManageController.getUserlist ...start .....
2021-07-21 09:58:23,138 [INFO] [http-nio-8081-exec-2] c.f.modules.member.controller.MemberUserManageController [MemberUserManageController.java : 102] ...MemberUserManageController.list data..count  is 4
2021-07-21 09:58:30,303 [INFO] [http-nio-8081-exec-4] c.f.m.product.controller.ProductManagementInfoController [ProductManagementInfoController.java : 109] ...ProductManagementInfoEntity.list...request productPageInfoModel is {"productCategory":"","productModel":"","productName":"","productNum":""}
2021-07-21 10:00:07,895 [INFO] [http-nio-8081-exec-6] c.f.m.product.controller.ProductManagementInfoController [ProductManagementInfoController.java : 109] ...ProductManagementInfoEntity.list...request productPageInfoModel is {"productCategory":"","productModel":"","productName":"","productNum":""}
2021-07-21 10:00:14,828 [INFO] [http-nio-8081-exec-8] c.f.m.product.controller.ProductManagementInfoController [ProductManagementInfoController.java : 109] ...ProductManagementInfoEntity.list...request productPageInfoModel is {"productCategory":"热水电商","productModel":"","productName":"","productNum":""}
2021-07-21 10:00:26,586 [INFO] [http-nio-8081-exec-7] c.f.m.product.controller.ProductManagementInfoController [ProductManagementInfoController.java : 109] ...ProductManagementInfoEntity.list...request productPageInfoModel is {"productCategory":"","productModel":"","productName":"","productNum":""}
2021-07-21 10:00:35,811 [INFO] [http-nio-8081-exec-9] c.f.modules.member.controller.MemberUserManageController [MemberUserManageController.java : 89] ...MemberUserManageController.getUserlist ...start .....
2021-07-21 10:00:35,816 [INFO] [http-nio-8081-exec-9] c.f.modules.member.controller.MemberUserManageController [MemberUserManageController.java : 102] ...MemberUserManageController.list data..count  is 4
2021-07-21 10:00:56,377 [INFO] [http-nio-8081-exec-22] c.f.modules.member.controller.MemberRoleManageController [MemberRoleManageController.java : 45] ...MemberRoleManageController.info data..roleId  is 22
2021-07-21 10:01:32,122 [INFO] [http-nio-8081-exec-16] c.f.modules.member.controller.MemberUserManageController [MemberUserManageController.java : 89] ...MemberUserManageController.getUserlist ...start .....
2021-07-21 10:01:32,126 [INFO] [http-nio-8081-exec-16] c.f.modules.member.controller.MemberUserManageController [MemberUserManageController.java : 102] ...MemberUserManageController.list data..count  is 4
2021-07-21 10:01:40,039 [INFO] [http-nio-8081-exec-17] c.f.modules.member.controller.MemberUserManageController [MemberUserManageController.java : 89] ...MemberUserManageController.getUserlist ...start .....
2021-07-21 10:01:40,044 [INFO] [http-nio-8081-exec-17] c.f.modules.member.controller.MemberUserManageController [MemberUserManageController.java : 102] ...MemberUserManageController.list data..count  is 4
2021-07-21 10:01:45,430 [INFO] [http-nio-8081-exec-27] c.f.modules.member.controller.MemberUserManageController [MemberUserManageController.java : 89] ...MemberUserManageController.getUserlist ...start .....
2021-07-21 10:01:45,434 [INFO] [http-nio-8081-exec-27] c.f.modules.member.controller.MemberUserManageController [MemberUserManageController.java : 102] ...MemberUserManageController.list data..count  is 4
2021-07-21 10:02:02,352 [INFO] [http-nio-8081-exec-30] c.f.modules.member.controller.MemberUserManageController [MemberUserManageController.java : 89] ...MemberUserManageController.getUserlist ...start .....
2021-07-21 10:02:02,356 [INFO] [http-nio-8081-exec-30] c.f.modules.member.controller.MemberUserManageController [MemberUserManageController.java : 102] ...MemberUserManageController.list data..count  is 5
2021-07-21 10:02:05,578 [INFO] [http-nio-8081-exec-3] c.f.modules.member.controller.MemberUserManageController [MemberUserManageController.java : 118] ...MemberUserManageController.info data..userId  is 9
2021-07-21 10:02:11,046 [INFO] [http-nio-8081-exec-1] c.f.modules.member.controller.MemberUserManageController [MemberUserManageController.java : 89] ...MemberUserManageController.getUserlist ...start .....
2021-07-21 10:02:11,049 [INFO] [http-nio-8081-exec-1] c.f.modules.member.controller.MemberUserManageController [MemberUserManageController.java : 102] ...MemberUserManageController.list data..count  is 5
2021-07-21 10:02:19,796 [INFO] [http-nio-8081-exec-2] c.f.modules.member.controller.MemberUserManageController [MemberUserManageController.java : 89] ...MemberUserManageController.getUserlist ...start .....
2021-07-21 10:02:19,801 [INFO] [http-nio-8081-exec-2] c.f.modules.member.controller.MemberUserManageController [MemberUserManageController.java : 102] ...MemberUserManageController.list data..count  is 5
2021-07-21 10:04:12,021 [INFO] [http-nio-8081-exec-5] c.f.modules.member.controller.MemberUserManageController [MemberUserManageController.java : 89] ...MemberUserManageController.getUserlist ...start .....
2021-07-21 10:04:12,026 [INFO] [http-nio-8081-exec-5] c.f.modules.member.controller.MemberUserManageController [MemberUserManageController.java : 102] ...MemberUserManageController.list data..count  is 5
2021-07-21 10:04:14,717 [INFO] [http-nio-8081-exec-6] c.f.modules.member.controller.MemberUserManageController [MemberUserManageController.java : 118] ...MemberUserManageController.info data..userId  is 8
2021-07-21 10:04:16,625 [INFO] [http-nio-8081-exec-8] c.f.modules.member.controller.MemberUserManageController [MemberUserManageController.java : 89] ...MemberUserManageController.getUserlist ...start .....
2021-07-21 10:04:16,629 [INFO] [http-nio-8081-exec-8] c.f.modules.member.controller.MemberUserManageController [MemberUserManageController.java : 102] ...MemberUserManageController.list data..count  is 5
2021-07-21 10:09:09,738 [INFO] [http-nio-8081-exec-24] c.f.modules.member.controller.MemberUserManageController [MemberUserManageController.java : 89] ...MemberUserManageController.getUserlist ...start .....
2021-07-21 10:09:09,745 [INFO] [http-nio-8081-exec-24] c.f.modules.member.controller.MemberUserManageController [MemberUserManageController.java : 102] ...MemberUserManageController.list data..count  is 5
2021-07-21 10:09:37,692 [INFO] [http-nio-8081-exec-26] c.f.modules.member.controller.MemberUserManageController [MemberUserManageController.java : 89] ...MemberUserManageController.getUserlist ...start .....
2021-07-21 10:09:37,695 [INFO] [http-nio-8081-exec-26] c.f.modules.member.controller.MemberUserManageController [MemberUserManageController.java : 102] ...MemberUserManageController.list data..count  is 5
2021-07-21 10:09:42,363 [INFO] [http-nio-8081-exec-28] c.f.modules.member.controller.MemberUserManageController [MemberUserManageController.java : 89] ...MemberUserManageController.getUserlist ...start .....
2021-07-21 10:09:42,367 [INFO] [http-nio-8081-exec-28] c.f.modules.member.controller.MemberUserManageController [MemberUserManageController.java : 102] ...MemberUserManageController.list data..count  is 5
2021-07-21 10:09:45,339 [INFO] [http-nio-8081-exec-19] c.f.modules.member.controller.MemberUserManageController [MemberUserManageController.java : 89] ...MemberUserManageController.getUserlist ...start .....
2021-07-21 10:09:45,341 [INFO] [http-nio-8081-exec-19] c.f.modules.member.controller.MemberUserManageController [MemberUserManageController.java : 102] ...MemberUserManageController.list data..count  is 5
2021-07-21 10:09:57,482 [INFO] [http-nio-8081-exec-23] c.f.m.product.controller.ProductManagementInfoController [ProductManagementInfoController.java : 109] ...ProductManagementInfoEntity.list...request productPageInfoModel is {"productCategory":"","productModel":"","productName":"","productNum":""}
2021-07-21 10:10:30,863 [INFO] [http-nio-8081-exec-16] c.f.m.product.controller.ProductManagementInfoController [ProductManagementInfoController.java : 109] ...ProductManagementInfoEntity.list...request productPageInfoModel is {"productCategory":"","productModel":"","productName":"","productNum":""}
2021-07-21 10:10:33,865 [INFO] [http-nio-8081-exec-25] c.f.modules.member.controller.MemberUserManageController [MemberUserManageController.java : 89] ...MemberUserManageController.getUserlist ...start .....
2021-07-21 10:10:33,869 [INFO] [http-nio-8081-exec-25] c.f.modules.member.controller.MemberUserManageController [MemberUserManageController.java : 102] ...MemberUserManageController.list data..count  is 5
2021-07-21 10:10:37,470 [INFO] [http-nio-8081-exec-17] c.f.modules.member.controller.MemberUserManageController [MemberUserManageController.java : 89] ...MemberUserManageController.getUserlist ...start .....
2021-07-21 10:10:37,474 [INFO] [http-nio-8081-exec-17] c.f.modules.member.controller.MemberUserManageController [MemberUserManageController.java : 102] ...MemberUserManageController.list data..count  is 5
2021-07-21 10:13:44,963 [INFO] [http-nio-8081-exec-12] c.f.modules.member.controller.MemberUserManageController [MemberUserManageController.java : 89] ...MemberUserManageController.getUserlist ...start .....
2021-07-21 10:13:44,969 [INFO] [http-nio-8081-exec-12] c.f.modules.member.controller.MemberUserManageController [MemberUserManageController.java : 102] ...MemberUserManageController.list data..count  is 5
2021-07-21 10:13:47,653 [INFO] [http-nio-8081-exec-29] c.f.modules.member.controller.MemberUserManageController [MemberUserManageController.java : 89] ...MemberUserManageController.getUserlist ...start .....
2021-07-21 10:13:47,657 [INFO] [http-nio-8081-exec-29] c.f.modules.member.controller.MemberUserManageController [MemberUserManageController.java : 102] ...MemberUserManageController.list data..count  is 5
2021-07-21 10:13:52,075 [INFO] [http-nio-8081-exec-30] c.f.modules.member.controller.MemberUserManageController [MemberUserManageController.java : 89] ...MemberUserManageController.getUserlist ...start .....
2021-07-21 10:13:52,079 [INFO] [http-nio-8081-exec-30] c.f.modules.member.controller.MemberUserManageController [MemberUserManageController.java : 102] ...MemberUserManageController.list data..count  is 5
2021-07-21 10:14:08,930 [INFO] [http-nio-8081-exec-3] c.f.modules.member.controller.MemberUserManageController [MemberUserManageController.java : 89] ...MemberUserManageController.getUserlist ...start .....
2021-07-21 10:14:08,934 [INFO] [http-nio-8081-exec-3] c.f.modules.member.controller.MemberUserManageController [MemberUserManageController.java : 102] ...MemberUserManageController.list data..count  is 5
2021-07-21 10:14:32,381 [INFO] [http-nio-8081-exec-2] c.f.modules.member.controller.MemberUserManageController [MemberUserManageController.java : 41] ...MemberUserManageController.list...request params is {"loginName":"","mobile":"","roleName":"","sex":"","userName":""}
2021-07-21 10:14:32,384 [INFO] [http-nio-8081-exec-2] c.f.modules.member.controller.MemberUserManageController [MemberUserManageController.java : 74] ...MemberUserManageController.list data..count  is 5
2021-07-21 10:14:36,752 [INFO] [http-nio-8081-exec-4] c.f.modules.member.controller.MemberUserManageController [MemberUserManageController.java : 41] ...MemberUserManageController.list...request params is {"loginName":"","mobile":"","roleName":"","sex":"","userName":""}
2021-07-21 10:14:36,756 [INFO] [http-nio-8081-exec-4] c.f.modules.member.controller.MemberUserManageController [MemberUserManageController.java : 74] ...MemberUserManageController.list data..count  is 5
2021-07-21 10:14:41,722 [INFO] [http-nio-8081-exec-5] c.f.modules.member.controller.MemberUserManageController [MemberUserManageController.java : 41] ...MemberUserManageController.list...request params is {"limit":"3","loginName":"","mobile":"","roleName":"","sex":"","userName":""}
2021-07-21 10:14:41,725 [INFO] [http-nio-8081-exec-5] c.f.modules.member.controller.MemberUserManageController [MemberUserManageController.java : 74] ...MemberUserManageController.list data..count  is 5
2021-07-21 10:14:42,789 [INFO] [http-nio-8081-exec-6] c.f.modules.member.controller.MemberUserManageController [MemberUserManageController.java : 41] ...MemberUserManageController.list...request params is {"limit":"3","loginName":"","mobile":"","page":"2","roleName":"","sex":"","userName":""}
2021-07-21 10:14:42,792 [INFO] [http-nio-8081-exec-6] c.f.modules.member.controller.MemberUserManageController [MemberUserManageController.java : 74] ...MemberUserManageController.list data..count  is 5
2021-07-21 10:14:45,095 [INFO] [http-nio-8081-exec-8] c.f.modules.member.controller.MemberUserManageController [MemberUserManageController.java : 41] ...MemberUserManageController.list...request params is {"limit":"3","loginName":"","mobile":"","page":"1","roleName":"","sex":"","userName":""}
2021-07-21 10:14:45,098 [INFO] [http-nio-8081-exec-8] c.f.modules.member.controller.MemberUserManageController [MemberUserManageController.java : 74] ...MemberUserManageController.list data..count  is 5
2021-07-21 10:16:10,203 [INFO] [http-nio-8081-exec-9] c.f.modules.member.controller.MemberUserManageController [MemberUserManageController.java : 41] ...MemberUserManageController.list...request params is {"limit":"100","loginName":"","mobile":"","page":"1","roleName":"","sex":"","userName":""}
2021-07-21 10:16:10,209 [INFO] [http-nio-8081-exec-9] c.f.modules.member.controller.MemberUserManageController [MemberUserManageController.java : 74] ...MemberUserManageController.list data..count  is 5
2021-07-21 10:16:18,078 [INFO] [http-nio-8081-exec-13] c.f.modules.member.controller.MemberUserManageController [MemberUserManageController.java : 41] ...MemberUserManageController.list...request params is {"limit":"3","loginName":"","mobile":"","page":"1","roleName":"","sex":"","userName":""}
2021-07-21 10:16:18,081 [INFO] [http-nio-8081-exec-13] c.f.modules.member.controller.MemberUserManageController [MemberUserManageController.java : 74] ...MemberUserManageController.list data..count  is 5
2021-07-21 10:16:19,534 [INFO] [http-nio-8081-exec-15] c.f.modules.member.controller.MemberUserManageController [MemberUserManageController.java : 41] ...MemberUserManageController.list...request params is {"limit":"5","loginName":"","mobile":"","page":"1","roleName":"","sex":"","userName":""}
2021-07-21 10:16:19,538 [INFO] [http-nio-8081-exec-15] c.f.modules.member.controller.MemberUserManageController [MemberUserManageController.java : 74] ...MemberUserManageController.list data..count  is 5
2021-07-21 10:16:59,807 [INFO] [http-nio-8081-exec-18] c.f.modules.member.controller.MemberUserManageController [MemberUserManageController.java : 41] ...MemberUserManageController.list...request params is {"limit":"3","loginName":"","mobile":"","page":"1","roleName":"","sex":"","userName":""}
2021-07-21 10:16:59,810 [INFO] [http-nio-8081-exec-18] c.f.modules.member.controller.MemberUserManageController [MemberUserManageController.java : 74] ...MemberUserManageController.list data..count  is 5
2021-07-21 10:17:01,270 [INFO] [http-nio-8081-exec-10] c.f.modules.member.controller.MemberUserManageController [MemberUserManageController.java : 41] ...MemberUserManageController.list...request params is {"limit":"3","loginName":"","mobile":"","page":"2","roleName":"","sex":"","userName":""}
2021-07-21 10:17:01,272 [INFO] [http-nio-8081-exec-10] c.f.modules.member.controller.MemberUserManageController [MemberUserManageController.java : 74] ...MemberUserManageController.list data..count  is 5
2021-07-21 10:17:02,496 [INFO] [http-nio-8081-exec-14] c.f.modules.member.controller.MemberUserManageController [MemberUserManageController.java : 41] ...MemberUserManageController.list...request params is {"limit":"3","loginName":"","mobile":"","page":"1","roleName":"","sex":"","userName":""}
2021-07-21 10:17:02,499 [INFO] [http-nio-8081-exec-14] c.f.modules.member.controller.MemberUserManageController [MemberUserManageController.java : 74] ...MemberUserManageController.list data..count  is 5
2021-07-21 10:17:06,175 [INFO] [http-nio-8081-exec-22] c.f.modules.member.controller.MemberUserManageController [MemberUserManageController.java : 41] ...MemberUserManageController.list...request params is {"limit":"20","loginName":"","mobile":"","page":"1","roleName":"","sex":"","userName":""}
2021-07-21 10:17:06,178 [INFO] [http-nio-8081-exec-22] c.f.modules.member.controller.MemberUserManageController [MemberUserManageController.java : 74] ...MemberUserManageController.list data..count  is 5
2021-07-21 10:17:16,500 [INFO] [http-nio-8081-exec-24] c.f.modules.member.controller.MemberUserManageController [MemberUserManageController.java : 41] ...MemberUserManageController.list...request params is {"limit":"3","loginName":"","mobile":"","page":"1","roleName":"","sex":"","userName":""}
2021-07-21 10:17:16,503 [INFO] [http-nio-8081-exec-24] c.f.modules.member.controller.MemberUserManageController [MemberUserManageController.java : 74] ...MemberUserManageController.list data..count  is 5
2021-07-21 10:18:16,746 [INFO] [http-nio-8081-exec-28] c.f.modules.member.controller.MemberUserManageController [MemberUserManageController.java : 41] ...MemberUserManageController.list...request params is {"loginName":"","mobile":"","roleName":"","sex":"","userName":""}
2021-07-21 10:18:16,750 [INFO] [http-nio-8081-exec-28] c.f.modules.member.controller.MemberUserManageController [MemberUserManageController.java : 74] ...MemberUserManageController.list data..count  is 5
2021-07-21 10:18:20,642 [INFO] [http-nio-8081-exec-20] c.f.modules.member.controller.MemberUserManageController [MemberUserManageController.java : 41] ...MemberUserManageController.list...request params is {"loginName":"","mobile":"","roleName":"","sex":"","userName":""}
2021-07-21 10:18:20,645 [INFO] [http-nio-8081-exec-20] c.f.modules.member.controller.MemberUserManageController [MemberUserManageController.java : 74] ...MemberUserManageController.list data..count  is 5
2021-07-21 10:18:22,720 [INFO] [http-nio-8081-exec-11] c.f.m.product.controller.ProductManagementInfoController [ProductManagementInfoController.java : 109] ...ProductManagementInfoEntity.list...request productPageInfoModel is {"productCategory":"","productModel":"","productName":"","productNum":""}
2021-07-21 10:22:23,411 [INFO] [http-nio-8081-exec-16] c.f.m.product.controller.ProductManagementInfoController [ProductManagementInfoController.java : 109] ...ProductManagementInfoEntity.list...request productPageInfoModel is {"limit":"100","productCategory":"","productModel":"","productName":"","productNum":""}
2021-07-21 10:22:25,851 [INFO] [http-nio-8081-exec-25] c.f.m.product.controller.ProductManagementInfoController [ProductManagementInfoController.java : 109] ...ProductManagementInfoEntity.list...request productPageInfoModel is {"limit":"3","productCategory":"","productModel":"","productName":"","productNum":""}
2021-07-21 10:22:30,763 [INFO] [http-nio-8081-exec-17] c.f.m.product.controller.ProductManagementInfoController [ProductManagementInfoController.java : 109] ...ProductManagementInfoEntity.list...request productPageInfoModel is {"limit":"100","productCategory":"","productModel":"","productName":"","productNum":""}
2021-07-21 10:23:35,438 [INFO] [http-nio-8081-exec-12] c.f.m.product.controller.ProductManagementInfoController [ProductManagementInfoController.java : 109] ...ProductManagementInfoEntity.list...request productPageInfoModel is {"limit":"3","productCategory":"","productModel":"","productName":"","productNum":""}
2021-07-21 10:23:36,562 [INFO] [http-nio-8081-exec-29] c.f.m.product.controller.ProductManagementInfoController [ProductManagementInfoController.java : 109] ...ProductManagementInfoEntity.list...request productPageInfoModel is {"limit":"3","page":"2","productCategory":"","productModel":"","productName":"","productNum":""}
2021-07-21 10:23:46,505 [INFO] [http-nio-8081-exec-6] c.f.m.product.controller.ProductManagementInfoController [ProductManagementInfoController.java : 109] ...ProductManagementInfoEntity.list...request productPageInfoModel is {"productCategory":"","productModel":"","productName":"","productNum":""}
2021-07-21 10:23:48,348 [INFO] [http-nio-8081-exec-8] c.f.m.product.controller.ProductManagementInfoController [ProductManagementInfoController.java : 109] ...ProductManagementInfoEntity.list...request productPageInfoModel is {"limit":"3","productCategory":"","productModel":"","productName":"","productNum":""}
2021-07-21 10:23:49,460 [INFO] [http-nio-8081-exec-7] c.f.m.product.controller.ProductManagementInfoController [ProductManagementInfoController.java : 109] ...ProductManagementInfoEntity.list...request productPageInfoModel is {"limit":"3","page":"2","productCategory":"","productModel":"","productName":"","productNum":""}
2021-07-21 10:33:05,088 [INFO] [main] com.framework.AdminApplication [Jdk14Logger.java : 99] Starting AdminApplication on liwanwan with PID 15700 (started by 29163 in E:\Summer Training 2021\wanjiale_project\Group23\data-wanjiale)
2021-07-21 10:33:05,090 [INFO] [main] com.framework.AdminApplication [Jdk14Logger.java : 99] The following profiles are active: dev
2021-07-21 10:33:08,104 [WARN] [main] org.springframework.data.convert.CustomConversions [CustomConversions.java : 216] Registering converter from class org.joda.time.LocalDateTime to class java.time.LocalDateTime as reading converter although it doesn't convert from a store-supported type! You might wanna check you annotation setup at the converter implementation.
2021-07-21 10:33:08,116 [WARN] [main] org.springframework.data.convert.CustomConversions [CustomConversions.java : 216] Registering converter from class org.joda.time.LocalDateTime to class java.time.LocalDateTime as reading converter although it doesn't convert from a store-supported type! You might wanna check you annotation setup at the converter implementation.
2021-07-21 10:33:08,125 [WARN] [main] org.springframework.data.convert.CustomConversions [CustomConversions.java : 216] Registering converter from class org.joda.time.LocalDateTime to class java.time.LocalDateTime as reading converter although it doesn't convert from a store-supported type! You might wanna check you annotation setup at the converter implementation.
2021-07-21 10:33:08,762 [INFO] [main] com.framework.AdminApplication [Jdk14Logger.java : 99] Started AdminApplication in 4.147 seconds (JVM running for 4.958)
2021-07-21 10:33:41,929 [DEBUG] [background-preinit] o.h.v.messageinterpolation.ResourceBundleMessageInterpolator [ResourceBundleMessageInterpolator.java : 89] Loaded expression factory via original TCCL
2021-07-21 10:33:42,033 [INFO] [main] com.framework.AdminApplication [Jdk14Logger.java : 99] Starting AdminApplication on liwanwan with PID 11920 (started by 29163 in E:\Summer Training 2021\wanjiale_project\Group23\data-wanjiale)
2021-07-21 10:33:42,035 [INFO] [main] com.framework.AdminApplication [Jdk14Logger.java : 99] The following profiles are active: dev
2021-07-21 10:33:44,891 [WARN] [main] org.springframework.data.convert.CustomConversions [CustomConversions.java : 216] Registering converter from class org.joda.time.LocalDateTime to class java.time.LocalDateTime as reading converter although it doesn't convert from a store-supported type! You might wanna check you annotation setup at the converter implementation.
2021-07-21 10:33:44,902 [WARN] [main] org.springframework.data.convert.CustomConversions [CustomConversions.java : 216] Registering converter from class org.joda.time.LocalDateTime to class java.time.LocalDateTime as reading converter although it doesn't convert from a store-supported type! You might wanna check you annotation setup at the converter implementation.
2021-07-21 10:33:44,911 [WARN] [main] org.springframework.data.convert.CustomConversions [CustomConversions.java : 216] Registering converter from class org.joda.time.LocalDateTime to class java.time.LocalDateTime as reading converter although it doesn't convert from a store-supported type! You might wanna check you annotation setup at the converter implementation.
2021-07-21 10:33:45,517 [INFO] [main] com.framework.AdminApplication [Jdk14Logger.java : 99] Started AdminApplication in 4.014 seconds (JVM running for 4.852)
2021-07-21 10:34:03,420 [INFO] [main] com.framework.AdminApplication [Jdk14Logger.java : 99] Starting AdminApplication on liwanwan with PID 8892 (started by 29163 in E:\Summer Training 2021\wanjiale_project\Group23\data-wanjiale)
2021-07-21 10:34:03,423 [INFO] [main] com.framework.AdminApplication [Jdk14Logger.java : 99] The following profiles are active: dev
2021-07-21 10:34:06,242 [WARN] [main] org.springframework.data.convert.CustomConversions [CustomConversions.java : 216] Registering converter from class org.joda.time.LocalDateTime to class java.time.LocalDateTime as reading converter although it doesn't convert from a store-supported type! You might wanna check you annotation setup at the converter implementation.
2021-07-21 10:34:06,255 [WARN] [main] org.springframework.data.convert.CustomConversions [CustomConversions.java : 216] Registering converter from class org.joda.time.LocalDateTime to class java.time.LocalDateTime as reading converter although it doesn't convert from a store-supported type! You might wanna check you annotation setup at the converter implementation.
2021-07-21 10:34:06,264 [WARN] [main] org.springframework.data.convert.CustomConversions [CustomConversions.java : 216] Registering converter from class org.joda.time.LocalDateTime to class java.time.LocalDateTime as reading converter although it doesn't convert from a store-supported type! You might wanna check you annotation setup at the converter implementation.
2021-07-21 10:34:06,899 [INFO] [main] com.framework.AdminApplication [Jdk14Logger.java : 99] Started AdminApplication in 3.937 seconds (JVM running for 4.806)
2021-07-21 11:14:16,700 [INFO] [main] com.framework.AdminApplication [Jdk14Logger.java : 99] Starting AdminApplication on liwanwan with PID 20328 (started by 29163 in E:\Summer Training 2021\wanjiale_project\Group23\data-wanjiale)
2021-07-21 11:14:16,703 [INFO] [main] com.framework.AdminApplication [Jdk14Logger.java : 99] The following profiles are active: dev
2021-07-21 11:14:19,569 [WARN] [main] org.springframework.data.convert.CustomConversions [CustomConversions.java : 216] Registering converter from class org.joda.time.LocalDateTime to class java.time.LocalDateTime as reading converter although it doesn't convert from a store-supported type! You might wanna check you annotation setup at the converter implementation.
2021-07-21 11:14:19,581 [WARN] [main] org.springframework.data.convert.CustomConversions [CustomConversions.java : 216] Registering converter from class org.joda.time.LocalDateTime to class java.time.LocalDateTime as reading converter although it doesn't convert from a store-supported type! You might wanna check you annotation setup at the converter implementation.
2021-07-21 11:14:19,591 [WARN] [main] org.springframework.data.convert.CustomConversions [CustomConversions.java : 216] Registering converter from class org.joda.time.LocalDateTime to class java.time.LocalDateTime as reading converter although it doesn't convert from a store-supported type! You might wanna check you annotation setup at the converter implementation.
2021-07-21 11:14:20,252 [INFO] [main] com.framework.AdminApplication [Jdk14Logger.java : 99] Started AdminApplication in 3.963 seconds (JVM running for 4.894)
2021-07-21 11:16:36,876 [INFO] [http-nio-8081-exec-13] c.f.m.product.controller.ProductManagementInfoController [ProductManagementInfoController.java : 109] ...ProductManagementInfoEntity.list...request productPageInfoModel is {"productCategory":"","productModel":"","productName":"","productNum":""}
2021-07-21 11:17:06,031 [INFO] [http-nio-8081-exec-22] c.f.modules.member.controller.MemberUserManageController [MemberUserManageController.java : 41] ...MemberUserManageController.list...request params is {"limit":"","loginName":"","mobile":"","page":"","roleName":"","sex":"","userName":""}
2021-07-21 11:17:06,038 [INFO] [http-nio-8081-exec-22] c.f.modules.member.controller.MemberUserManageController [MemberUserManageController.java : 74] ...MemberUserManageController.list data..count  is 5
2021-07-21 11:17:15,687 [INFO] [http-nio-8081-exec-27] c.f.m.product.controller.ProductManagementInfoController [ProductManagementInfoController.java : 109] ...ProductManagementInfoEntity.list...request productPageInfoModel is {"productCategory":"","productModel":"","productName":"","productNum":""}
